2026-04-01 08:53:10,035 INFO o.h.v.i.u.Version {<clinit>} [background-preinit] HV000001: Hibernate Validator 8.0.3.Final
2026-04-01 08:53:10,094 INFO o.s.b.StartupInfoLogger {logStarting} [main] Starting SwimhubApplication using Java 21.0.6 with PID 13636 (C:\Users\Jorgeten\IdeaProjects\swimhub\target\classes started by Jorgeten in C:\Users\Jorgeten\IdeaProjects\swimhub)
2026-04-01 08:53:10,095 INFO o.s.b.SpringApplication {logStartupProfileInfo} [main] No active profile set, falling back to 1 default profile: "default"
2026-04-01 08:53:10,774 INFO o.s.d.r.c.RepositoryConfigurationDelegate {registerRepositoriesIn} [main] Bootstrapping Spring Data JPA repositories in DEFAULT mode.
2026-04-01 08:53:10,841 INFO o.s.d.r.c.RepositoryConfigurationDelegate {registerRepositoriesIn} [main] Finished Spring Data repository scanning in 58 ms. Found 10 JPA repository interfaces.
2026-04-01 08:53:11,323 INFO o.s.b.w.e.t.TomcatWebServer {initialize} [main] Tomcat initialized with port 8080 (http)
2026-04-01 08:53:11,336 INFO o.a.j.l.DirectJDKLog {log} [main] Initializing ProtocolHandler ["http-nio-8080"]
2026-04-01 08:53:11,338 INFO o.a.j.l.DirectJDKLog {log} [main] Starting service [Tomcat]
2026-04-01 08:53:11,339 INFO o.a.j.l.DirectJDKLog {log} [main] Starting Servlet engine: [Apache Tomcat/10.1.53]
2026-04-01 08:53:11,399 INFO o.a.j.l.DirectJDKLog {log} [main] Initializing Spring embedded WebApplicationContext
2026-04-01 08:53:11,401 INFO o.s.b.w.s.c.ServletWebServerApplicationContext {prepareWebApplicationContext} [main] Root WebApplicationContext: initialization completed in 1265 ms
2026-04-01 08:53:11,547 INFO o.h.j.i.u.LogHelper {logPersistenceUnitInformation} [main] HHH000204: Processing PersistenceUnitInfo [name: default]
2026-04-01 08:53:11,620 INFO o.h.Version {logVersion} [main] HHH000412: Hibernate ORM core version 6.6.45.Final
2026-04-01 08:53:11,672 INFO o.h.c.i.RegionFactoryInitiator {initiateService} [main] HHH000026: Second-level cache disabled
2026-04-01 08:53:12,011 INFO o.s.o.j.p.SpringPersistenceUnitInfo {addTransformer} [main] No LoadTimeWeaver setup: ignoring JPA class transformer
2026-04-01 08:53:12,063 INFO c.z.h.HikariDataSource {getConnection} [main] HikariPool-1 - Starting...
2026-04-01 08:53:12,182 INFO c.z.h.p.HikariPool {checkFailFast} [main] HikariPool-1 - Added connection org.mariadb.jdbc.Connection@43423d40
2026-04-01 08:53:12,183 INFO c.z.h.HikariDataSource {getConnection} [main] HikariPool-1 - Start completed.
2026-04-01 08:53:12,219 WARN o.h.e.j.d.i.DialectFactoryImpl {constructDialect} [main] HHH90000025: MariaDBDialect does not need to be specified explicitly using 'hibernate.dialect' (remove the property setting and it will be selected by default)
2026-04-01 08:53:12,237 INFO o.h.e.j.e.i.JdbcEnvironmentInitiator {logConnectionInfo} [main] HHH10001005: Database info:
	Database JDBC URL [Connecting through datasource 'HikariDataSource (HikariPool-1)']
	Database driver: undefined/unknown
	Database version: 11.8.6
	Autocommit mode: undefined/unknown
	Isolation level: undefined/unknown
	Minimum pool size: undefined/unknown
	Maximum pool size: undefined/unknown
2026-04-01 08:53:13,124 INFO o.h.e.t.j.p.i.JtaPlatformInitiator {initiateService} [main] HHH000489: No JTA platform available (set 'hibernate.transaction.jta.platform' to enable JTA platform integration)
2026-04-01 08:53:13,222 INFO o.s.o.j.AbstractEntityManagerFactoryBean {buildNativeEntityManagerFactory} [main] Initialized JPA EntityManagerFactory for persistence unit 'default'
2026-04-01 08:53:13,518 WARN o.s.b.a.o.j.JpaBaseConfiguration$JpaWebConfiguration {openEntityManagerInViewInterceptor} [main] spring.jpa.open-in-view is enabled by default. Therefore, database queries may be performed during view rendering. Explicitly configure spring.jpa.open-in-view to disable this warning
2026-04-01 08:53:13,670 WARN o.s.b.a.s.s.UserDetailsServiceAutoConfiguration {getOrDeducePassword} [main] 

Using generated security password: be59f54e-7e2d-409c-9dcc-55f9f05e31d1

This generated password is for development use only. Your security configuration must be updated before running your application in production.

2026-04-01 08:53:13,675 INFO o.s.s.c.a.a.c.InitializeUserDetailsBeanManagerConfigurer$InitializeUserDetailsManagerConfigurer {configure} [main] Global AuthenticationManager configured with UserDetailsService bean with name inMemoryUserDetailsManager
2026-04-01 08:53:13,999 INFO o.a.j.l.DirectJDKLog {log} [main] Starting ProtocolHandler ["http-nio-8080"]
2026-04-01 08:53:14,015 INFO o.s.b.w.e.t.TomcatWebServer {start} [main] Tomcat started on port 8080 (http) with context path '/'
2026-04-01 08:53:14,024 INFO o.s.b.StartupInfoLogger {logStarted} [main] Started SwimhubApplication in 4.452 seconds (process running for 4.76)
